{"C:\\Users\\mstiv\\OneDrive\\Desktop\\ProyectoM4_MartinVelez\\src\\EmailResumenBtn.tsx": {"path":"C:\\Users\\mstiv\\OneDrive\\Desktop\\ProyectoM4_MartinVelez\\src\\EmailResumenBtn.tsx","statementMap":{"0":{"start":{"line":14,"column":12},"end":{"line":14,"column":null}},"1":{"start":{"line":15,"column":20},"end":{"line":15,"column":null}},"2":{"start":{"line":17,"column":24},"end":{"line":25,"column":null}},"3":{"start":{"line":27,"column":25},"end":{"line":73,"column":null}},"4":{"start":{"line":28,"column":8},"end":{"line":28,"column":null}},"5":{"start":{"line":28,"column":19},"end":{"line":28,"column":null}},"6":{"start":{"line":30,"column":8},"end":{"line":38,"column":null}},"7":{"start":{"line":31,"column":8},"end":{"line":36,"column":null}},"8":{"start":{"line":37,"column":8},"end":{"line":37,"column":null}},"9":{"start":{"line":40,"column":24},"end":{"line":48,"column":null}},"10":{"start":{"line":50,"column":8},"end":{"line":50,"column":null}},"11":{"start":{"line":50,"column":34},"end":{"line":50,"column":null}},"12":{"start":{"line":52,"column":8},"end":{"line":52,"column":null}},"13":{"start":{"line":53,"column":8},"end":{"line":72,"column":null}},"14":{"start":{"line":54,"column":8},"end":{"line":54,"column":null}},"15":{"start":{"line":55,"column":8},"end":{"line":62,"column":null}},"16":{"start":{"line":64,"column":8},"end":{"line":69,"column":null}},"17":{"start":{"line":71,"column":8},"end":{"line":71,"column":null}},"18":{"start":{"line":75,"column":4},"end":{"line":92,"column":null}}},"fnMap":{"0":{"name":"EmailResumenBtn","decl":{"start":{"line":13,"column":28},"end":{"line":13,"column":44}},"loc":{"start":{"line":13,"column":63},"end":{"line":94,"column":null}},"line":13},"1":{"name":"(anonymous_1)","decl":{"start":{"line":27,"column":25},"end":{"line":27,"column":37}},"loc":{"start":{"line":27,"column":37},"end":{"line":73,"column":null}},"line":27}},"branchMap":{"0":{"loc":{"start":{"line":28,"column":8},"end":{"line":28,"column":null}},"type":"if","locations":[{"start":{"line":28,"column":8},"end":{"line":28,"column":null}},{"start":{},"end":{}}],"line":28},"1":{"loc":{"start":{"line":30,"column":8},"end":{"line":38,"column":null}},"type":"if","locations":[{"start":{"line":30,"column":8},"end":{"line":38,"column":null}},{"start":{},"end":{}}],"line":30},"2":{"loc":{"start":{"line":50,"column":8},"end":{"line":50,"column":null}},"type":"if","locations":[{"start":{"line":50,"column":8},"end":{"line":50,"column":null}},{"start":{},"end":{}}],"line":50},"3":{"loc":{"start":{"line":66,"column":19},"end":{"line":66,"column":null}},"type":"cond-expr","locations":[{"start":{"line":66,"column":40},"end":{"line":66,"column":52}},{"start":{"line":66,"column":52},"end":{"line":66,"column":null}}],"line":66},"4":{"loc":{"start":{"line":82,"column":9},"end":{"line":91,"column":19}},"type":"cond-expr","locations":[{"start":{"line":83,"column":12},"end":{"line":85,"column":13}},{"start":{"line":85,"column":12},"end":{"line":91,"column":19}}],"line":82},"5":{"loc":{"start":{"line":91,"column":9},"end":{"line":91,"column":null}},"type":"cond-expr","locations":[{"start":{"line":91,"column":19},"end":{"line":91,"column":35}},{"start":{"line":91,"column":35},"end":{"line":91,"column":null}}],"line":91}},"s":{"0":9,"1":9,"2":9,"3":9,"4":5,"5":0,"6":5,"7":1,"8":1,"9":4,"10":4,"11":1,"12":3,"13":3,"14":3,"15":2,"16":1,"17":3,"18":9},"f":{"0":9,"1":5},"b":{"0":[0,5],"1":[1,4],"2":[1,3],"3":[1,0],"4":[0,9],"5":[0,9]},"meta":{"lastBranch":6,"lastFunction":2,"lastStatement":19,"seen":{"f:13:28:13:44":0,"s:14:12:14:Infinity":0,"s:15:20:15:Infinity":1,"s:17:24:25:Infinity":2,"s:27:25:73:Infinity":3,"f:27:25:27:37":1,"b:28:8:28:Infinity:undefined:undefined:undefined:undefined":0,"s:28:8:28:Infinity":4,"s:28:19:28:Infinity":5,"b:30:8:38:Infinity:undefined:undefined:undefined:undefined":1,"s:30:8:38:Infinity":6,"s:31:8:36:Infinity":7,"s:37:8:37:Infinity":8,"s:40:24:48:Infinity":9,"b:50:8:50:Infinity:undefined:undefined:undefined:undefined":2,"s:50:8:50:Infinity":10,"s:50:34:50:Infinity":11,"s:52:8:52:Infinity":12,"s:53:8:72:Infinity":13,"s:54:8:54:Infinity":14,"s:55:8:62:Infinity":15,"s:64:8:69:Infinity":16,"b:66:40:66:52:66:52:66:Infinity":3,"s:71:8:71:Infinity":17,"s:75:4:92:Infinity":18,"b:83:12:85:13:85:12:91:19":4,"b:91:19:91:35:91:35:91:Infinity":5}}}
,"C:\\Users\\mstiv\\OneDrive\\Desktop\\ProyectoM4_MartinVelez\\src\\Tareas.helpers.ts": {"path":"C:\\Users\\mstiv\\OneDrive\\Desktop\\ProyectoM4_MartinVelez\\src\\Tareas.helpers.ts","statementMap":{"0":{"start":{"line":5,"column":31},"end":{"line":13,"column":null}},"1":{"start":{"line":16,"column":4},"end":{"line":16,"column":null}},"2":{"start":{"line":16,"column":23},"end":{"line":16,"column":null}},"3":{"start":{"line":17,"column":18},"end":{"line":17,"column":null}},"4":{"start":{"line":18,"column":18},"end":{"line":18,"column":null}},"5":{"start":{"line":19,"column":27},"end":{"line":19,"column":null}},"6":{"start":{"line":20,"column":4},"end":{"line":20,"column":null}},"7":{"start":{"line":20,"column":30},"end":{"line":20,"column":null}},"8":{"start":{"line":21,"column":4},"end":{"line":21,"column":null}},"9":{"start":{"line":21,"column":30},"end":{"line":21,"column":null}},"10":{"start":{"line":22,"column":4},"end":{"line":22,"column":null}},"11":{"start":{"line":26,"column":4},"end":{"line":32,"column":null}},"12":{"start":{"line":40,"column":4},"end":{"line":41,"column":null}},"13":{"start":{"line":41,"column":8},"end":{"line":41,"column":null}},"14":{"start":{"line":42,"column":4},"end":{"line":43,"column":null}},"15":{"start":{"line":43,"column":8},"end":{"line":43,"column":null}},"16":{"start":{"line":44,"column":4},"end":{"line":45,"column":null}},"17":{"start":{"line":45,"column":8},"end":{"line":45,"column":null}},"18":{"start":{"line":46,"column":4},"end":{"line":47,"column":null}},"19":{"start":{"line":47,"column":8},"end":{"line":47,"column":null}},"20":{"start":{"line":49,"column":4},"end":{"line":62,"column":null}},"21":{"start":{"line":50,"column":23},"end":{"line":50,"column":null}},"22":{"start":{"line":51,"column":24},"end":{"line":51,"column":null}},"23":{"start":{"line":52,"column":23},"end":{"line":52,"column":null}},"24":{"start":{"line":53,"column":24},"end":{"line":53,"column":null}},"25":{"start":{"line":55,"column":8},"end":{"line":56,"column":null}},"26":{"start":{"line":56,"column":8},"end":{"line":56,"column":null}},"27":{"start":{"line":57,"column":8},"end":{"line":61,"column":null}},"28":{"start":{"line":58,"column":26},"end":{"line":58,"column":null}},"29":{"start":{"line":59,"column":8},"end":{"line":60,"column":null}},"30":{"start":{"line":60,"column":12},"end":{"line":60,"column":null}},"31":{"start":{"line":63,"column":4},"end":{"line":63,"column":null}}},"fnMap":{"0":{"name":"calcularEstado","decl":{"start":{"line":15,"column":20},"end":{"line":15,"column":35}},"loc":{"start":{"line":15,"column":69},"end":{"line":23,"column":null}},"line":15},"1":{"name":"formatearFecha","decl":{"start":{"line":25,"column":20},"end":{"line":25,"column":35}},"loc":{"start":{"line":25,"column":56},"end":{"line":33,"column":null}},"line":25},"2":{"name":"validarTarea","decl":{"start":{"line":35,"column":20},"end":{"line":35,"column":null}},"loc":{"start":{"line":39,"column":21},"end":{"line":64,"column":null}},"line":39}},"branchMap":{"0":{"loc":{"start":{"line":16,"column":4},"end":{"line":16,"column":null}},"type":"if","locations":[{"start":{"line":16,"column":4},"end":{"line":16,"column":null}},{"start":{},"end":{}}],"line":16},"1":{"loc":{"start":{"line":20,"column":4},"end":{"line":20,"column":null}},"type":"if","locations":[{"start":{"line":20,"column":4},"end":{"line":20,"column":null}},{"start":{},"end":{}}],"line":20},"2":{"loc":{"start":{"line":21,"column":4},"end":{"line":21,"column":null}},"type":"if","locations":[{"start":{"line":21,"column":4},"end":{"line":21,"column":null}},{"start":{},"end":{}}],"line":21},"3":{"loc":{"start":{"line":40,"column":4},"end":{"line":41,"column":null}},"type":"if","locations":[{"start":{"line":40,"column":4},"end":{"line":41,"column":null}},{"start":{},"end":{}}],"line":40},"4":{"loc":{"start":{"line":40,"column":8},"end":{"line":40,"column":null}},"type":"binary-expr","locations":[{"start":{"line":40,"column":8},"end":{"line":40,"column":26}},{"start":{"line":40,"column":26},"end":{"line":40,"column":null}}],"line":40},"5":{"loc":{"start":{"line":42,"column":4},"end":{"line":43,"column":null}},"type":"if","locations":[{"start":{"line":42,"column":4},"end":{"line":43,"column":null}},{"start":{},"end":{}}],"line":42},"6":{"loc":{"start":{"line":44,"column":4},"end":{"line":45,"column":null}},"type":"if","locations":[{"start":{"line":44,"column":4},"end":{"line":45,"column":null}},{"start":{},"end":{}}],"line":44},"7":{"loc":{"start":{"line":46,"column":4},"end":{"line":47,"column":null}},"type":"if","locations":[{"start":{"line":46,"column":4},"end":{"line":47,"column":null}},{"start":{},"end":{}}],"line":46},"8":{"loc":{"start":{"line":49,"column":4},"end":{"line":62,"column":null}},"type":"if","locations":[{"start":{"line":49,"column":4},"end":{"line":62,"column":null}},{"start":{},"end":{}}],"line":49},"9":{"loc":{"start":{"line":55,"column":8},"end":{"line":56,"column":null}},"type":"if","locations":[{"start":{"line":55,"column":8},"end":{"line":56,"column":null}},{"start":{},"end":{}}],"line":55},"10":{"loc":{"start":{"line":57,"column":8},"end":{"line":61,"column":null}},"type":"if","locations":[{"start":{"line":57,"column":8},"end":{"line":61,"column":null}},{"start":{},"end":{}}],"line":57},"11":{"loc":{"start":{"line":59,"column":8},"end":{"line":60,"column":null}},"type":"if","locations":[{"start":{"line":59,"column":8},"end":{"line":60,"column":null}},{"start":{},"end":{}}],"line":59}},"s":{"0":1,"1":4,"2":1,"3":3,"4":3,"5":3,"6":3,"7":1,"8":2,"9":2,"10":1,"11":2,"12":8,"13":2,"14":6,"15":6,"16":5,"17":5,"18":4,"19":4,"20":3,"21":2,"22":2,"23":2,"24":2,"25":2,"26":1,"27":1,"28":0,"29":0,"30":0,"31":2},"f":{"0":4,"1":2,"2":8},"b":{"0":[1,3],"1":[1,2],"2":[1,1],"3":[2,6],"4":[8,7],"5":[1,5],"6":[1,4],"7":[1,3],"8":[2,1],"9":[1,1],"10":[0,1],"11":[0,0]},"meta":{"lastBranch":12,"lastFunction":3,"lastStatement":32,"seen":{"s:5:31:13:Infinity":0,"f:15:20:15:35":0,"b:16:4:16:Infinity:undefined:undefined:undefined:undefined":0,"s:16:4:16:Infinity":1,"s:16:23:16:Infinity":2,"s:17:18:17:Infinity":3,"s:18:18:18:Infinity":4,"s:19:27:19:Infinity":5,"b:20:4:20:Infinity:undefined:undefined:undefined:undefined":1,"s:20:4:20:Infinity":6,"s:20:30:20:Infinity":7,"b:21:4:21:Infinity:undefined:undefined:undefined:undefined":2,"s:21:4:21:Infinity":8,"s:21:30:21:Infinity":9,"s:22:4:22:Infinity":10,"f:25:20:25:35":1,"s:26:4:32:Infinity":11,"f:35:20:35:Infinity":2,"b:40:4:41:Infinity:undefined:undefined:undefined:undefined":3,"s:40:4:41:Infinity":12,"b:40:8:40:26:40:26:40:Infinity":4,"s:41:8:41:Infinity":13,"b:42:4:43:Infinity:undefined:undefined:undefined:undefined":5,"s:42:4:43:Infinity":14,"s:43:8:43:Infinity":15,"b:44:4:45:Infinity:undefined:undefined:undefined:undefined":6,"s:44:4:45:Infinity":16,"s:45:8:45:Infinity":17,"b:46:4:47:Infinity:undefined:undefined:undefined:undefined":7,"s:46:4:47:Infinity":18,"s:47:8:47:Infinity":19,"b:49:4:62:Infinity:undefined:undefined:undefined:undefined":8,"s:49:4:62:Infinity":20,"s:50:23:50:Infinity":21,"s:51:24:51:Infinity":22,"s:52:23:52:Infinity":23,"s:53:24:53:Infinity":24,"b:55:8:56:Infinity:undefined:undefined:undefined:undefined":9,"s:55:8:56:Infinity":25,"s:56:8:56:Infinity":26,"b:57:8:61:Infinity:undefined:undefined:undefined:undefined":10,"s:57:8:61:Infinity":27,"s:58:26:58:Infinity":28,"b:59:8:60:Infinity:undefined:undefined:undefined:undefined":11,"s:59:8:60:Infinity":29,"s:60:12:60:Infinity":30,"s:63:4:63:Infinity":31}}}
,"C:\\Users\\mstiv\\OneDrive\\Desktop\\ProyectoM4_MartinVelez\\src\\email-services.ts": {"path":"C:\\Users\\mstiv\\OneDrive\\Desktop\\ProyectoM4_MartinVelez\\src\\email-services.ts","statementMap":{"0":{"start":{"line":6,"column":23},"end":{"line":6,"column":null}},"1":{"start":{"line":7,"column":24},"end":{"line":7,"column":null}},"2":{"start":{"line":7,"column":45},"end":{"line":7,"column":70}},"3":{"start":{"line":8,"column":24},"end":{"line":8,"column":null}},"4":{"start":{"line":8,"column":45},"end":{"line":8,"column":67}},"5":{"start":{"line":9,"column":24},"end":{"line":9,"column":null}},"6":{"start":{"line":9,"column":45},"end":{"line":9,"column":69}},"7":{"start":{"line":10,"column":24},"end":{"line":10,"column":null}},"8":{"start":{"line":10,"column":45},"end":{"line":10,"column":66}},"9":{"start":{"line":12,"column":19},"end":{"line":33,"column":null}},"10":{"start":{"line":13,"column":24},"end":{"line":18,"column":null}},"11":{"start":{"line":20,"column":52},"end":{"line":25,"column":null}},"12":{"start":{"line":27,"column":8},"end":{"line":32,"column":null}},"13":{"start":{"line":35,"column":4},"end":{"line":53,"column":null}},"14":{"start":{"line":61,"column":17},"end":{"line":61,"column":null}},"15":{"start":{"line":63,"column":21},"end":{"line":71,"column":null}},"16":{"start":{"line":73,"column":4},"end":{"line":76,"column":null}},"17":{"start":{"line":74,"column":21},"end":{"line":74,"column":null}},"18":{"start":{"line":75,"column":8},"end":{"line":75,"column":null}}},"fnMap":{"0":{"name":"generarResumen","decl":{"start":{"line":5,"column":13},"end":{"line":5,"column":28}},"loc":{"start":{"line":5,"column":69},"end":{"line":54,"column":null}},"line":5},"1":{"name":"(anonymous_1)","decl":{"start":{"line":7,"column":31},"end":{"line":7,"column":39}},"loc":{"start":{"line":7,"column":45},"end":{"line":7,"column":70}},"line":7},"2":{"name":"(anonymous_2)","decl":{"start":{"line":8,"column":31},"end":{"line":8,"column":39}},"loc":{"start":{"line":8,"column":45},"end":{"line":8,"column":67}},"line":8},"3":{"name":"(anonymous_3)","decl":{"start":{"line":9,"column":31},"end":{"line":9,"column":39}},"loc":{"start":{"line":9,"column":45},"end":{"line":9,"column":69}},"line":9},"4":{"name":"(anonymous_4)","decl":{"start":{"line":10,"column":31},"end":{"line":10,"column":39}},"loc":{"start":{"line":10,"column":45},"end":{"line":10,"column":66}},"line":10},"5":{"name":"(anonymous_5)","decl":{"start":{"line":12,"column":26},"end":{"line":12,"column":31}},"loc":{"start":{"line":12,"column":40},"end":{"line":33,"column":5}},"line":12},"6":{"name":"enviarResumenEmail","decl":{"start":{"line":56,"column":26},"end":{"line":56,"column":null}},"loc":{"start":{"line":60,"column":21},"end":{"line":77,"column":null}},"line":60}},"branchMap":{"0":{"loc":{"start":{"line":13,"column":24},"end":{"line":18,"column":null}},"type":"cond-expr","locations":[{"start":{"line":14,"column":10},"end":{"line":17,"column":null}},{"start":{"line":18,"column":10},"end":{"line":18,"column":null}}],"line":13},"1":{"loc":{"start":{"line":29,"column":27},"end":{"line":29,"column":null}},"type":"binary-expr","locations":[{"start":{"line":29,"column":27},"end":{"line":29,"column":52}},{"start":{"line":29,"column":52},"end":{"line":29,"column":null}}],"line":29},"2":{"loc":{"start":{"line":73,"column":4},"end":{"line":76,"column":null}},"type":"if","locations":[{"start":{"line":73,"column":4},"end":{"line":76,"column":null}},{"start":{},"end":{}}],"line":73},"3":{"loc":{"start":{"line":75,"column":24},"end":{"line":75,"column":65}},"type":"binary-expr","locations":[{"start":{"line":75,"column":24},"end":{"line":75,"column":38}},{"start":{"line":75,"column":38},"end":{"line":75,"column":65}}],"line":75}},"s":{"0":8,"1":8,"2":16,"3":8,"4":16,"5":8,"6":16,"7":8,"8":16,"9":8,"10":16,"11":16,"12":16,"13":8,"14":8,"15":8,"16":8,"17":2,"18":2},"f":{"0":8,"1":16,"2":16,"3":16,"4":16,"5":16,"6":8},"b":{"0":[8,8],"1":[16,0],"2":[2,6],"3":[2,0]},"meta":{"lastBranch":4,"lastFunction":7,"lastStatement":19,"seen":{"f:5:13:5:28":0,"s:6:23:6:Infinity":0,"s:7:24:7:Infinity":1,"f:7:31:7:39":1,"s:7:45:7:70":2,"s:8:24:8:Infinity":3,"f:8:31:8:39":2,"s:8:45:8:67":4,"s:9:24:9:Infinity":5,"f:9:31:9:39":3,"s:9:45:9:69":6,"s:10:24:10:Infinity":7,"f:10:31:10:39":4,"s:10:45:10:66":8,"s:12:19:33:Infinity":9,"f:12:26:12:31":5,"s:13:24:18:Infinity":10,"b:14:10:17:Infinity:18:10:18:Infinity":0,"s:20:52:25:Infinity":11,"s:27:8:32:Infinity":12,"b:29:27:29:52:29:52:29:Infinity":1,"s:35:4:53:Infinity":13,"f:56:26:56:Infinity":6,"s:61:17:61:Infinity":14,"s:63:21:71:Infinity":15,"b:73:4:76:Infinity:undefined:undefined:undefined:undefined":2,"s:73:4:76:Infinity":16,"s:74:21:74:Infinity":17,"s:75:8:75:Infinity":18,"b:75:24:75:38:75:38:75:65":3}}}
,"C:\\Users\\mstiv\\OneDrive\\Desktop\\ProyectoM4_MartinVelez\\src\\styles\\EmailResumenBtn.css": {"path":"C:\\Users\\mstiv\\OneDrive\\Desktop\\ProyectoM4_MartinVelez\\src\\styles\\EmailResumenBtn.css","statementMap":{},"fnMap":{},"branchMap":{},"s":{},"f":{},"b":{},"meta":{"lastBranch":0,"lastFunction":0,"lastStatement":0,"seen":{}}}
}
